<?xml version="1.0" encoding="UTF-8"?>
<!-- Generated by org.testng.reporters.JUnitXMLReporter -->
<testsuite ignored="0" hostname="DESKTOP-S3RV3MH" failures="0" tests="4" name="Default test" time="76.614" errors="0" timestamp="2020-09-06T12:43:22 IST">
  <testcase classname="com.qa.crm.testcases.HomePageTest" name="verifylogoTest" time="0.021"/>
  <testcase classname="com.qa.crm.testcases.HomePageTest" name="ClickonFreeAccountLinkTest" time="2.453"/>
  <testcase classname="com.qa.crm.testcases.HomePageTest" name="clickOnContactsLink" time="2.738"/>
  <testcase classname="com.qa.crm.testcases.HomePageTest" name="ClickOnNamelink" time="3.149"/>
</testsuite> <!-- Default test -->
