<?xml version="1.0" encoding="UTF-8"?>
<!-- Generated by org.testng.reporters.JUnitXMLReporter -->
<testsuite ignored="1" hostname="DESKTOP-S3RV3MH" failures="0" tests="7" name="Test" time="104.636" errors="0" timestamp="2020-09-06T17:49:25 IST">
  <testcase classname="com.qa.crm.testcases.LoginPageTest" name="LoginTest" time="0.023"/>
  <testcase classname="com.qa.crm.testcases.LoginPageTest" name="ClickonloginTest" time="4.682"/>
  <testcase classname="com.qa.crm.testcases.LoginPageTest" name="EnterDataTest" time="5.397"/>
  <testcase classname="com.qa.crm.testcases.HomePageTest" name="verifylogoTest" time="0.011"/>
  <testcase classname="com.qa.crm.testcases.HomePageTest" name="ClickonFreeAccountLinkTest" time="1.902"/>
  <testcase classname="com.qa.crm.testcases.HomePageTest" name="clickOnContactsLink" time="2.015"/>
  <testcase classname="com.qa.crm.testcases.HomePageTest" name="ClickOnNamelink" time="2.681"/>
  <testcase classname="com.qa.crm.testcases.LoginPageTest" name="ValidateLogoTest" time="0.0">
    <ignored/>
  </testcase> <!-- ValidateLogoTest -->
</testsuite> <!-- Test -->
